<?xml version="1.0" encoding="UTF-8" ?>
<testsuite failures="0" time="0.731" errors="1" skipped="0" tests="1" name="net.kristianandersen.warpdrive.mojo.WarpDriveMojoTest">
  <properties>
    <property name="java.runtime.name" value="Java(TM) SE Runtime Environment"/>
    <property name="sun.boot.library.path" value="/System/Library/Frameworks/JavaVM.framework/Versions/1.6.0/Libraries"/>
    <property name="java.vm.version" value="14.3-b01-101"/>
    <property name="awt.nativeDoubleBuffering" value="true"/>
    <property name="gopherProxySet" value="false"/>
    <property name="mrj.build" value="10M3025"/>
    <property name="java.vm.vendor" value="Apple Inc."/>
    <property name="java.vendor.url" value="http://www.apple.com/"/>
    <property name="path.separator" value=":"/>
    <property name="java.vm.name" value="Java HotSpot(TM) 64-Bit Server VM"/>
    <property name="file.encoding.pkg" value="sun.io"/>
    <property name="user.country" value="US"/>
    <property name="sun.java.launcher" value="SUN_STANDARD"/>
    <property name="sun.os.patch.level" value="unknown"/>
    <property name="java.vm.specification.name" value="Java Virtual Machine Specification"/>
    <property name="user.dir" value="/Users/kriand/dev/IdeaProjects/warpdrive/maven-warpdrive-plugin"/>
    <property name="java.runtime.version" value="1.6.0_17-b04-248-10M3025"/>
    <property name="java.awt.graphicsenv" value="apple.awt.CGraphicsEnvironment"/>
    <property name="basedir" value="/Users/kriand/dev/IdeaProjects/warpdrive/maven-warpdrive-plugin"/>
    <property name="java.endorsed.dirs" value="/System/Library/Frameworks/JavaVM.framework/Versions/1.6.0/Home/lib/endorsed"/>
    <property name="os.arch" value="x86_64"/>
    <property name="surefire.real.class.path" value="/var/folders/RC/RCDP3noPE4mTYn1YLxU6wk+++TI/-Tmp-/surefirebooter4751622335188059828.jar"/>
    <property name="java.io.tmpdir" value="/var/folders/RC/RCDP3noPE4mTYn1YLxU6wk+++TI/-Tmp-/"/>
    <property name="line.separator" value="
"/>
    <property name="java.vm.specification.vendor" value="Sun Microsystems Inc."/>
    <property name="os.name" value="Mac OS X"/>
    <property name="sun.jnu.encoding" value="MacRoman"/>
    <property name="java.library.path" value="/Applications/IntelliJ IDEA 8.1.4.app/Contents/Resources/Java:/System/Library/PrivateFrameworks/JavaApplicationLauncher.framework/Resources:.:/Library/Java/Extensions:/System/Library/Java/Extensions:/usr/lib/java"/>
    <property name="surefire.test.class.path" value="/Users/kriand/dev/IdeaProjects/warpdrive/maven-warpdrive-plugin/target/test-classes:/Users/kriand/dev/IdeaProjects/warpdrive/maven-warpdrive-plugin/target/generated-classes/cobertura:/Users/kriand/.m2/repository/net/kristianandersen/warpdrive/warpdrive-runtime/1.0-SNAPSHOT/warpdrive-runtime-1.0-SNAPSHOT.jar:/Users/kriand/.m2/repository/javax/servlet/servlet-api/2.5/servlet-api-2.5.jar:/Users/kriand/.m2/repository/com/yahoo/platform/yui/yuicompressor/2.3.6/yuicompressor-2.3.6.jar:/Users/kriand/.m2/repository/net/java/dev/jets3t/jets3t/0.7.3/jets3t-0.7.3.jar:/Users/kriand/.m2/repository/commons-codec/commons-codec/1.3/commons-codec-1.3.jar:/Users/kriand/.m2/repository/commons-logging/commons-logging/1.1.1/commons-logging-1.1.1.jar:/Users/kriand/.m2/repository/commons-httpclient/commons-httpclient/3.1/commons-httpclient-3.1.jar:/Users/kriand/.m2/repository/org/carrot2/smartsprites/0.2.6/smartsprites-0.2.6.jar:/Users/kriand/.m2/repository/com/google/collections/google-collections/1.0-rc2/google-collections-1.0-rc2.jar:/Users/kriand/.m2/repository/args4j/args4j/2.0.9/args4j-2.0.9.jar:/Users/kriand/.m2/repository/commons-math/commons-math/1.1/commons-math-1.1.jar:/Users/kriand/.m2/repository/commons-discovery/commons-discovery/0.2/commons-discovery-0.2.jar:/Users/kriand/.m2/repository/commons-io/commons-io/1.4/commons-io-1.4.jar:/Users/kriand/.m2/repository/commons-lang/commons-lang/2.3/commons-lang-2.3.jar:/Users/kriand/.m2/repository/org/apache/maven/maven-plugin-api/2.2.1/maven-plugin-api-2.2.1.jar:/Users/kriand/.m2/repository/org/apache/maven/maven-artifact/2.2.1/maven-artifact-2.2.1.jar:/Users/kriand/.m2/repository/org/codehaus/plexus/plexus-utils/1.5.15/plexus-utils-1.5.15.jar:/Users/kriand/.m2/repository/org/apache/maven/maven-project/2.2.1/maven-project-2.2.1.jar:/Users/kriand/.m2/repository/org/apache/maven/maven-settings/2.2.1/maven-settings-2.2.1.jar:/Users/kriand/.m2/repository/org/apache/maven/maven-model/2.2.1/maven-model-2.2.1.jar:/Users/kriand/.m2/repository/org/codehaus/plexus/plexus-interpolation/1.11/plexus-interpolation-1.11.jar:/Users/kriand/.m2/repository/org/codehaus/plexus/plexus-container-default/1.0-alpha-9-stable-1/plexus-container-default-1.0-alpha-9-stable-1.jar:/Users/kriand/.m2/repository/junit/junit/3.8.2/junit-3.8.2.jar:/Users/kriand/.m2/repository/classworlds/classworlds/1.1-alpha-2/classworlds-1.1-alpha-2.jar:/Users/kriand/.m2/repository/org/apache/maven/maven-profile/2.2.1/maven-profile-2.2.1.jar:/Users/kriand/.m2/repository/org/apache/maven/maven-artifact-manager/2.2.1/maven-artifact-manager-2.2.1.jar:/Users/kriand/.m2/repository/org/apache/maven/maven-repository-metadata/2.2.1/maven-repository-metadata-2.2.1.jar:/Users/kriand/.m2/repository/org/apache/maven/wagon/wagon-provider-api/1.0-beta-6/wagon-provider-api-1.0-beta-6.jar:/Users/kriand/.m2/repository/backport-util-concurrent/backport-util-concurrent/3.1/backport-util-concurrent-3.1.jar:/Users/kriand/.m2/repository/org/apache/maven/maven-plugin-registry/2.2.1/maven-plugin-registry-2.2.1.jar:/Users/kriand/.m2/repository/org/jdom/jdom/1.1/jdom-1.1.jar:/Users/kriand/.m2/repository/jaxen/jaxen/1.1.1/jaxen-1.1.1.jar:/Users/kriand/.m2/repository/dom4j/dom4j/1.6.1/dom4j-1.6.1.jar:/Users/kriand/.m2/repository/jdom/jdom/1.0/jdom-1.0.jar:/Users/kriand/.m2/repository/xml-apis/xml-apis/1.3.02/xml-apis-1.3.02.jar:/Users/kriand/.m2/repository/xerces/xercesImpl/2.6.2/xercesImpl-2.6.2.jar:/Users/kriand/.m2/repository/xom/xom/1.0/xom-1.0.jar:/Users/kriand/.m2/repository/xerces/xmlParserAPIs/2.6.2/xmlParserAPIs-2.6.2.jar:/Users/kriand/.m2/repository/xalan/xalan/2.6.0/xalan-2.6.0.jar:/Users/kriand/.m2/repository/com/ibm/icu/icu4j/2.6.1/icu4j-2.6.1.jar:/Users/kriand/.m2/repository/org/apache/maven/plugin-testing/maven-plugin-testing-harness/1.2/maven-plugin-testing-harness-1.2.jar:/Users/kriand/.m2/repository/org/apache/maven/maven-core/2.0/maven-core-2.0.jar:/Users/kriand/.m2/repository/org/apache/maven/wagon/wagon-file/1.0-alpha-5/wagon-file-1.0-alpha-5.jar:/Users/kriand/.m2/repository/org/apache/maven/maven-plugin-parameter-documenter/2.0/maven-plugin-parameter-documenter-2.0.jar:/Users/kriand/.m2/repository/org/apache/maven/wagon/wagon-http-lightweight/1.0-alpha-5/wagon-http-lightweight-1.0-alpha-5.jar:/Users/kriand/.m2/repository/org/apache/maven/reporting/maven-reporting-api/2.0/maven-reporting-api-2.0.jar:/Users/kriand/.m2/repository/doxia/doxia-sink-api/1.0-alpha-4/doxia-sink-api-1.0-alpha-4.jar:/Users/kriand/.m2/repository/org/apache/maven/maven-error-diagnostics/2.0/maven-error-diagnostics-2.0.jar:/Users/kriand/.m2/repository/commons-cli/commons-cli/1.0/commons-cli-1.0.jar:/Users/kriand/.m2/repository/org/apache/maven/maven-plugin-descriptor/2.0/maven-plugin-descriptor-2.0.jar:/Users/kriand/.m2/repository/org/codehaus/plexus/plexus-interactivity-api/1.0-alpha-4/plexus-interactivity-api-1.0-alpha-4.jar:/Users/kriand/.m2/repository/org/apache/maven/maven-monitor/2.0/maven-monitor-2.0.jar:/Users/kriand/.m2/repository/org/apache/maven/wagon/wagon-ssh/1.0-alpha-5/wagon-ssh-1.0-alpha-5.jar:/Users/kriand/.m2/repository/com/jcraft/jsch/0.1.23/jsch-0.1.23.jar:/Users/kriand/.m2/repository/org/codehaus/plexus/plexus-archiver/1.0-alpha-7/plexus-archiver-1.0-alpha-7.jar:/Users/kriand/.m2/repository/net/sourceforge/cobertura/cobertura/1.9.2/cobertura-1.9.2.jar:/Users/kriand/.m2/repository/org/apache/ant/ant/1.7.0/ant-1.7.0.jar:/Users/kriand/.m2/repository/org/apache/ant/ant-launcher/1.7.0/ant-launcher-1.7.0.jar:"/>
    <property name="java.specification.name" value="Java Platform API Specification"/>
    <property name="java.class.version" value="50.0"/>
    <property name="sun.management.compiler" value="HotSpot 64-Bit Server Compiler"/>
    <property name="os.version" value="10.6.2"/>
    <property name="http.nonProxyHosts" value="local|*.local|169.254/16|*.169.254/16"/>
    <property name="user.home" value="/Users/kriand"/>
    <property name="user.timezone" value="Europe/Oslo"/>
    <property name="java.awt.printerjob" value="apple.awt.CPrinterJob"/>
    <property name="java.specification.version" value="1.6"/>
    <property name="file.encoding" value="MacRoman"/>
    <property name="user.name" value="kriand"/>
    <property name="java.class.path" value="/Users/kriand/dev/IdeaProjects/warpdrive/maven-warpdrive-plugin/target/test-classes:/Users/kriand/dev/IdeaProjects/warpdrive/maven-warpdrive-plugin/target/generated-classes/cobertura:/Users/kriand/.m2/repository/net/kristianandersen/warpdrive/warpdrive-runtime/1.0-SNAPSHOT/warpdrive-runtime-1.0-SNAPSHOT.jar:/Users/kriand/.m2/repository/javax/servlet/servlet-api/2.5/servlet-api-2.5.jar:/Users/kriand/.m2/repository/com/yahoo/platform/yui/yuicompressor/2.3.6/yuicompressor-2.3.6.jar:/Users/kriand/.m2/repository/net/java/dev/jets3t/jets3t/0.7.3/jets3t-0.7.3.jar:/Users/kriand/.m2/repository/commons-codec/commons-codec/1.3/commons-codec-1.3.jar:/Users/kriand/.m2/repository/commons-logging/commons-logging/1.1.1/commons-logging-1.1.1.jar:/Users/kriand/.m2/repository/commons-httpclient/commons-httpclient/3.1/commons-httpclient-3.1.jar:/Users/kriand/.m2/repository/org/carrot2/smartsprites/0.2.6/smartsprites-0.2.6.jar:/Users/kriand/.m2/repository/com/google/collections/google-collections/1.0-rc2/google-collections-1.0-rc2.jar:/Users/kriand/.m2/repository/args4j/args4j/2.0.9/args4j-2.0.9.jar:/Users/kriand/.m2/repository/commons-math/commons-math/1.1/commons-math-1.1.jar:/Users/kriand/.m2/repository/commons-discovery/commons-discovery/0.2/commons-discovery-0.2.jar:/Users/kriand/.m2/repository/commons-io/commons-io/1.4/commons-io-1.4.jar:/Users/kriand/.m2/repository/commons-lang/commons-lang/2.3/commons-lang-2.3.jar:/Users/kriand/.m2/repository/org/apache/maven/maven-plugin-api/2.2.1/maven-plugin-api-2.2.1.jar:/Users/kriand/.m2/repository/org/apache/maven/maven-artifact/2.2.1/maven-artifact-2.2.1.jar:/Users/kriand/.m2/repository/org/codehaus/plexus/plexus-utils/1.5.15/plexus-utils-1.5.15.jar:/Users/kriand/.m2/repository/org/apache/maven/maven-project/2.2.1/maven-project-2.2.1.jar:/Users/kriand/.m2/repository/org/apache/maven/maven-settings/2.2.1/maven-settings-2.2.1.jar:/Users/kriand/.m2/repository/org/apache/maven/maven-model/2.2.1/maven-model-2.2.1.jar:/Users/kriand/.m2/repository/org/codehaus/plexus/plexus-interpolation/1.11/plexus-interpolation-1.11.jar:/Users/kriand/.m2/repository/org/codehaus/plexus/plexus-container-default/1.0-alpha-9-stable-1/plexus-container-default-1.0-alpha-9-stable-1.jar:/Users/kriand/.m2/repository/junit/junit/3.8.2/junit-3.8.2.jar:/Users/kriand/.m2/repository/classworlds/classworlds/1.1-alpha-2/classworlds-1.1-alpha-2.jar:/Users/kriand/.m2/repository/org/apache/maven/maven-profile/2.2.1/maven-profile-2.2.1.jar:/Users/kriand/.m2/repository/org/apache/maven/maven-artifact-manager/2.2.1/maven-artifact-manager-2.2.1.jar:/Users/kriand/.m2/repository/org/apache/maven/maven-repository-metadata/2.2.1/maven-repository-metadata-2.2.1.jar:/Users/kriand/.m2/repository/org/apache/maven/wagon/wagon-provider-api/1.0-beta-6/wagon-provider-api-1.0-beta-6.jar:/Users/kriand/.m2/repository/backport-util-concurrent/backport-util-concurrent/3.1/backport-util-concurrent-3.1.jar:/Users/kriand/.m2/repository/org/apache/maven/maven-plugin-registry/2.2.1/maven-plugin-registry-2.2.1.jar:/Users/kriand/.m2/repository/org/jdom/jdom/1.1/jdom-1.1.jar:/Users/kriand/.m2/repository/jaxen/jaxen/1.1.1/jaxen-1.1.1.jar:/Users/kriand/.m2/repository/dom4j/dom4j/1.6.1/dom4j-1.6.1.jar:/Users/kriand/.m2/repository/jdom/jdom/1.0/jdom-1.0.jar:/Users/kriand/.m2/repository/xml-apis/xml-apis/1.3.02/xml-apis-1.3.02.jar:/Users/kriand/.m2/repository/xerces/xercesImpl/2.6.2/xercesImpl-2.6.2.jar:/Users/kriand/.m2/repository/xom/xom/1.0/xom-1.0.jar:/Users/kriand/.m2/repository/xerces/xmlParserAPIs/2.6.2/xmlParserAPIs-2.6.2.jar:/Users/kriand/.m2/repository/xalan/xalan/2.6.0/xalan-2.6.0.jar:/Users/kriand/.m2/repository/com/ibm/icu/icu4j/2.6.1/icu4j-2.6.1.jar:/Users/kriand/.m2/repository/org/apache/maven/plugin-testing/maven-plugin-testing-harness/1.2/maven-plugin-testing-harness-1.2.jar:/Users/kriand/.m2/repository/org/apache/maven/maven-core/2.0/maven-core-2.0.jar:/Users/kriand/.m2/repository/org/apache/maven/wagon/wagon-file/1.0-alpha-5/wagon-file-1.0-alpha-5.jar:/Users/kriand/.m2/repository/org/apache/maven/maven-plugin-parameter-documenter/2.0/maven-plugin-parameter-documenter-2.0.jar:/Users/kriand/.m2/repository/org/apache/maven/wagon/wagon-http-lightweight/1.0-alpha-5/wagon-http-lightweight-1.0-alpha-5.jar:/Users/kriand/.m2/repository/org/apache/maven/reporting/maven-reporting-api/2.0/maven-reporting-api-2.0.jar:/Users/kriand/.m2/repository/doxia/doxia-sink-api/1.0-alpha-4/doxia-sink-api-1.0-alpha-4.jar:/Users/kriand/.m2/repository/org/apache/maven/maven-error-diagnostics/2.0/maven-error-diagnostics-2.0.jar:/Users/kriand/.m2/repository/commons-cli/commons-cli/1.0/commons-cli-1.0.jar:/Users/kriand/.m2/repository/org/apache/maven/maven-plugin-descriptor/2.0/maven-plugin-descriptor-2.0.jar:/Users/kriand/.m2/repository/org/codehaus/plexus/plexus-interactivity-api/1.0-alpha-4/plexus-interactivity-api-1.0-alpha-4.jar:/Users/kriand/.m2/repository/org/apache/maven/maven-monitor/2.0/maven-monitor-2.0.jar:/Users/kriand/.m2/repository/org/apache/maven/wagon/wagon-ssh/1.0-alpha-5/wagon-ssh-1.0-alpha-5.jar:/Users/kriand/.m2/repository/com/jcraft/jsch/0.1.23/jsch-0.1.23.jar:/Users/kriand/.m2/repository/org/codehaus/plexus/plexus-archiver/1.0-alpha-7/plexus-archiver-1.0-alpha-7.jar:/Users/kriand/.m2/repository/net/sourceforge/cobertura/cobertura/1.9.2/cobertura-1.9.2.jar:/Users/kriand/.m2/repository/org/apache/ant/ant/1.7.0/ant-1.7.0.jar:/Users/kriand/.m2/repository/org/apache/ant/ant-launcher/1.7.0/ant-launcher-1.7.0.jar:"/>
    <property name="java.vm.specification.version" value="1.0"/>
    <property name="sun.arch.data.model" value="64"/>
    <property name="java.home" value="/System/Library/Frameworks/JavaVM.framework/Versions/1.6.0/Home"/>
    <property name="java.specification.vendor" value="Sun Microsystems Inc."/>
    <property name="user.language" value="en"/>
    <property name="awt.toolkit" value="apple.awt.CToolkit"/>
    <property name="java.vm.info" value="mixed mode"/>
    <property name="java.version" value="1.6.0_17"/>
    <property name="java.ext.dirs" value="/Library/Java/Extensions:/System/Library/Java/Extensions:/System/Library/Frameworks/JavaVM.framework/Versions/1.6.0/Home/lib/ext"/>
    <property name="sun.boot.class.path" value="/System/Library/Frameworks/JavaVM.framework/Versions/1.6.0/Classes/jsfd.jar:/System/Library/Frameworks/JavaVM.framework/Versions/1.6.0/Classes/classes.jar:/System/Library/Frameworks/JavaVM.framework/Frameworks/JavaRuntimeSupport.framework/Resources/Java/JavaRuntimeSupport.jar:/System/Library/Frameworks/JavaVM.framework/Versions/1.6.0/Classes/ui.jar:/System/Library/Frameworks/JavaVM.framework/Versions/1.6.0/Classes/laf.jar:/System/Library/Frameworks/JavaVM.framework/Versions/1.6.0/Classes/sunrsasign.jar:/System/Library/Frameworks/JavaVM.framework/Versions/1.6.0/Classes/jsse.jar:/System/Library/Frameworks/JavaVM.framework/Versions/1.6.0/Classes/jce.jar:/System/Library/Frameworks/JavaVM.framework/Versions/1.6.0/Classes/charsets.jar"/>
    <property name="java.vendor" value="Apple Inc."/>
    <property name="localRepository" value="/Users/kriand/.m2/repository"/>
    <property name="file.separator" value="/"/>
    <property name="java.vendor.url.bug" value="http://bugreport.apple.com/"/>
    <property name="sun.cpu.endian" value="little"/>
    <property name="sun.io.unicode.encoding" value="UnicodeLittle"/>
    <property name="mrj.version" value="1060.1.6.0_17-248"/>
    <property name="socksNonProxyHosts" value="local|*.local|169.254/16|*.169.254/16"/>
    <property name="ftp.nonProxyHosts" value="local|*.local|169.254/16|*.169.254/16"/>
    <property name="sun.cpu.isalist" value=""/>
  </properties>
  <testcase time="0.643" classname="net.kristianandersen.warpdrive.mojo.WarpDriveMojoTest" name="testJsDir">
    <error message="Cannot find a configuration element for a plugin with an artifactId of maven-warpdrive-plugin." type="org.apache.maven.plugin.testing.ConfigurationException">org.apache.maven.plugin.testing.ConfigurationException: Cannot find a configuration element for a plugin with an artifactId of maven-warpdrive-plugin.
	at org.apache.maven.plugin.testing.AbstractMojoTestCase.extractPluginConfiguration(AbstractMojoTestCase.java:254)
	at org.apache.maven.plugin.testing.AbstractMojoTestCase.extractPluginConfiguration(AbstractMojoTestCase.java:215)
	at org.apache.maven.plugin.testing.AbstractMojoTestCase.lookupMojo(AbstractMojoTestCase.java:125)
	at net.kristianandersen.warpdrive.mojo.WarpDriveMojoTest.testJsDir(WarpDriveMojoTest.java:37)
</error>
  </testcase>
</testsuite>